<?xml version="1.0" encoding="UTF-8"?>
<testng-results skipped="0" failed="0" total="1" passed="1">
  <reporter-output>
    <line>
      <![CDATA[Navigated to :https://www.just-eat.co.uk/]]>
    </line>
  </reporter-output>
  <suite name="Default suite" duration-ms="41948" started-at="2020-05-07T00:13:48Z" finished-at="2020-05-07T00:14:30Z">
    <groups>
      <group name="cucumber">
        <method signature="AbstractTestNGCucumberTests.feature(cucumber.api.testng.CucumberFeatureWrapper)[pri:0, instance:Runners.MainRunner@4b952a2d]" name="feature" class="cucumber.api.testng.AbstractTestNGCucumberTests"/>
      </group> <!-- cucumber -->
    </groups>
    <test name="Default test" duration-ms="41948" started-at="2020-05-07T00:13:48Z" finished-at="2020-05-07T00:14:30Z">
      <class name="Runners.MainRunner">
        <test-method status="PASS" signature="setUpClass()[pri:0, instance:Runners.MainRunner@4b952a2d]" name="setUpClass" is-config="true" duration-ms="568" started-at="2020-05-06T20:13:48Z" finished-at="2020-05-06T20:13:48Z">
          <reporter-output>
          </reporter-output>
        </test-method> <!-- setUpClass -->
        <test-method status="PASS" signature="feature(cucumber.api.testng.CucumberFeatureWrapper)[pri:0, instance:Runners.MainRunner@4b952a2d]" name="feature" duration-ms="40118" started-at="2020-05-06T20:13:48Z" description="Runs Cucumber Feature" data-provider="features" finished-at="2020-05-06T20:14:29Z">
          <params>
            <param index="0">
              <value>
                <![CDATA[Use the website to find restaurants]]>
              </value>
            </param>
          </params>
          <reporter-output>
            <line>
              <![CDATA[Navigated to :https://www.just-eat.co.uk/]]>
            </line>
          </reporter-output>
        </test-method> <!-- feature -->
        <test-method status="PASS" signature="tearDownClass()[pri:0, instance:Runners.MainRunner@4b952a2d]" name="tearDownClass" is-config="true" duration-ms="1082" started-at="2020-05-06T20:14:29Z" finished-at="2020-05-06T20:14:30Z">
          <reporter-output>
          </reporter-output>
        </test-method> <!-- tearDownClass -->
      </class> <!-- Runners.MainRunner -->
    </test> <!-- Default test -->
  </suite> <!-- Default suite -->
</testng-results>
